<?xml version="1.0" encoding="UTF-8"?>
<!-- Generated by org.testng.reporters.JUnitReportReporter -->
<testsuite skipped="0" hostname="LAPTOP-2OS39L3B" name="runner.RunTest" tests="1" failures="0" timestamp="04 Jan 2022 10:01:40 GMT" time="5.328" errors="0">
  <testcase name="runScenario" time="5.328" classname="runner.RunTest"/>
</testsuite> <!-- runner.RunTest -->
