<?xml version="1.0" encoding="UTF-8"?>
<!-- Generated by org.testng.reporters.JUnitReportReporter -->
<testsuite skipped="0" hostname="LAPTOP-2OS39L3B" name="runner.RunTest_CreateandUpdate" tests="3" failures="0" timestamp="04 Jan 2022 10:58:02 GMT" time="16.658" errors="0">
  <testcase name="runScenario" time="3.170" classname="runner.RunTest_CreateandUpdate"/>
  <testcase name="runScenario" time="3.135" classname="runner.RunTest_CreateandUpdate"/>
  <testcase name="runScenario" time="10.353" classname="runner.RunTest_CreateandUpdate"/>
</testsuite> <!-- runner.RunTest_CreateandUpdate -->
