<?xml version="1.0" encoding="UTF-8"?>
<!-- Generated by org.testng.reporters.JUnitReportReporter -->
<testsuite skipped="0" hostname="LAPTOP-2OS39L3B" name="runner.RunTest_JIRAIssue" tests="3" failures="0" timestamp="04 Jan 2022 12:24:59 GMT" time="3.892" errors="0">
  <testcase name="runScenario" time="0.344" classname="runner.RunTest_JIRAIssue"/>
  <testcase name="runScenario" time="3.018" classname="runner.RunTest_JIRAIssue"/>
  <testcase name="runScenario" time="0.530" classname="runner.RunTest_JIRAIssue"/>
</testsuite> <!-- runner.RunTest_JIRAIssue -->
