<?xml version="1.0" encoding="UTF-8"?>
<!-- Generated by org.testng.reporters.JUnitReportReporter -->
<testsuite skipped="0" hostname="LAPTOP-2OS39L3B" name="salesForce_runner.RunTest" tests="4" failures="0" timestamp="23 Jan 2022 09:40:29 GMT" time="7.189" errors="0">
  <testcase name="runScenario" time="0.842" classname="salesForce_runner.RunTest"/>
  <testcase name="runScenario" time="0.753" classname="salesForce_runner.RunTest"/>
  <testcase name="runScenario" time="4.885" classname="salesForce_runner.RunTest"/>
  <testcase name="runScenario" time="0.709" classname="salesForce_runner.RunTest"/>
</testsuite> <!-- salesForce_runner.RunTest -->
