<?xml version="1.0" encoding="UTF-8"?>
<!-- Generated by org.testng.reporters.JUnitReportReporter -->
<testsuite skipped="0" hostname="LAPTOP-2OS39L3B" name="runner.RunTest" tests="1" failures="0" timestamp="08 Jan 2022 16:48:58 GMT" time="5.217" errors="0">
  <testcase name="runScenario" time="5.217" classname="runner.RunTest"/>
</testsuite> <!-- runner.RunTest -->
