<?xml version="1.0" encoding="UTF-8"?>
<!-- Generated by org.testng.reporters.JUnitReportReporter -->
<testsuite skipped="0" hostname="LAPTOP-2OS39L3B" name="services.IncidentTests" tests="1" failures="0" timestamp="31 Dec 2021 17:02:35 GMT" time="4.508" errors="0">
  <testcase name="getIncidents" time="4.508" classname="services.IncidentTests"/>
</testsuite> <!-- services.IncidentTests -->
